[2019-03-22T10:47:54.026] [INFO] info - Start Clear Log File Service
[2019-03-22T10:47:59.938] [INFO] info - Start Read Log File Service
[2019-03-26T03:17:09.915] [INFO] info - Start Create and Update Registration Service
[2019-03-26T03:17:09.923] [INFO] info - Request body of Registration Service  { deviceId: '227c8545-25d3-4228-af55-eed226d9ecb8',
  packageName: 'com.opusneo.epmod2020.workplace',
  platform: 'iOS',
  registrationToken:
   '073cd1268fb8017916cc3a9767d2817e9e5faf744736f7c5b6a08ca368bcdf13',
  username: 'jensm06@eogp.dk',
  group: 'fulcrum',
  createdAt: '2018-08-10T11:03:22.063Z' }
[2019-03-26T03:17:09.998] [INFO] info - New device successfully register for FCM
[2019-03-26T03:17:36.774] [INFO] info - Start SendToAll Service
[2019-03-26T03:17:37.011] [INFO] info - Request body of sendForTopic Service { notification:
   { title: 'WPO(sendtoall silent) - WPO Notify TestV0.0.2',
     body: 'WPO(sendtoall)  - WPO Notify Test bodyV0.0.2',
     silent: true },
  packageName: 'com.opusneo.epmod2020.workplace' }
[2019-03-26T03:17:37.018] [INFO] info - payload:Request parameter of sendToAll service in FCM { data:
   { title: 'WPO(sendtoall silent) - WPO Notify TestV0.0.2',
     body: 'WPO(sendtoall)  - WPO Notify Test bodyV0.0.2',
     silent: 'true' } }
[2019-03-26T03:17:37.019] [INFO] info - topic:Request parameter of sendToAll service in FCM testDemo
[2019-03-26T03:17:37.048] [INFO] info - Search result of get Service for SendToAll Service { _id: 5c94ded8a8b36a83c48aa134,
  deviceId: 'f3af0254-8abf-410d-bd0a-925d9be66017',
  packageName: 'com.opusneo.epmod2020.workplace',
  platform: 'iOS',
  __v: 0,
  createdAt: 2019-03-22T13:10:48.693Z,
  group: 'fulcrum',
  registrationToken:
   'fac1c2b8f25679655a31e6f5195eb0d8d137fb7c187404376c599c0bc887e066',
  username: 'ddash' }
[2019-03-26T03:17:39.450] [INFO] info - Successfully sent message: { messageId: 9104579700574975000 }
[2019-03-26T03:18:07.342] [INFO] info - Request body of deleteAll Service {}
[2019-03-26T03:18:07.345] [INFO] info - All device sucessfully deleted!
[2019-03-26T03:18:12.055] [INFO] info - Start Create and Update Registration Service
[2019-03-26T03:18:12.056] [INFO] info - Request body of Registration Service  { deviceId: '227c8545-25d3-4228-af55-eed226d9ecb8',
  packageName: 'com.opusneo.epmod2020.workplace',
  platform: 'iOS',
  registrationToken:
   '073cd1268fb8017916cc3a9767d2817e9e5faf744736f7c5b6a08ca368bcdf13',
  username: 'jensm06@eogp.dk',
  group: 'fulcrum',
  createdAt: '2018-08-10T11:03:22.063Z' }
[2019-03-26T03:18:12.060] [INFO] info - New device successfully register for FCM
[2019-03-26T03:18:15.102] [INFO] info - Start SendToAll Service
[2019-03-26T03:18:15.189] [INFO] info - Request body of sendForTopic Service { notification:
   { title: 'WPO(sendtoall silent) - WPO Notify TestV0.0.2',
     body: 'WPO(sendtoall)  - WPO Notify Test bodyV0.0.2',
     silent: true },
  packageName: 'com.opusneo.epmod2020.workplace' }
[2019-03-26T03:18:15.191] [INFO] info - payload:Request parameter of sendToAll service in FCM { data:
   { title: 'WPO(sendtoall silent) - WPO Notify TestV0.0.2',
     body: 'WPO(sendtoall)  - WPO Notify Test bodyV0.0.2',
     silent: 'true' } }
[2019-03-26T03:18:15.191] [INFO] info - topic:Request parameter of sendToAll service in FCM testDemo
[2019-03-26T03:18:15.194] [INFO] info - Search result of get Service for SendToAll Service { _id: 5c99fc64209f4b709cc11ac5,
  deviceId: '227c8545-25d3-4228-af55-eed226d9ecb8',
  packageName: 'com.opusneo.epmod2020.workplace',
  platform: 'iOS',
  __v: 0,
  createdAt: 2019-03-26T10:18:12.057Z,
  group: 'fulcrum',
  registrationToken:
   '073cd1268fb8017916cc3a9767d2817e9e5faf744736f7c5b6a08ca368bcdf13',
  username: 'jensm06@eogp.dk' }
[2019-03-26T03:18:16.437] [INFO] info - Successfully sent message: { messageId: 6701040748336345000 }
[2019-03-26T03:22:30.575] [INFO] info - Start SendToAll Service
[2019-03-26T03:22:30.691] [INFO] info - Request body of sendForTopic Service { notification:
   { title: 'WPO(sendtoall silent) - WPO Notify TestV0.0.2',
     body: 'WPO(sendtoall)  - WPO Notify Test bodyV0.0.2',
     silent: true },
  packageName: 'com.opusneo.epmod2020.workplace' }
[2019-03-26T03:22:30.696] [INFO] info - payload:Request parameter of sendToAll service in FCM { data:
   { title: 'WPO(sendtoall silent) - WPO Notify TestV0.0.2',
     body: 'WPO(sendtoall)  - WPO Notify Test bodyV0.0.2',
     silent: 'true' } }
[2019-03-26T03:22:30.697] [INFO] info - topic:Request parameter of sendToAll service in FCM testDemo
[2019-03-26T03:22:30.727] [INFO] info - Search result of get Service for SendToAll Service { _id: 5c99fc64209f4b709cc11ac5,
  deviceId: '227c8545-25d3-4228-af55-eed226d9ecb8',
  packageName: 'com.opusneo.epmod2020.workplace',
  platform: 'iOS',
  __v: 0,
  createdAt: 2019-03-26T10:18:12.057Z,
  group: 'fulcrum',
  registrationToken:
   '073cd1268fb8017916cc3a9767d2817e9e5faf744736f7c5b6a08ca368bcdf13',
  username: 'jensm06@eogp.dk' }
[2019-03-26T03:22:32.299] [INFO] info - Successfully sent message: { messageId: 5597784986959661000 }
[2019-03-26T03:26:02.802] [INFO] info - Start SendToAll Service
[2019-03-26T03:26:02.935] [INFO] info - Request body of sendForTopic Service { notification:
   { title: 'WPO(sendtoall silent) - WPO Notify TestV0.0.2',
     body: 'WPO(sendtoall)  - WPO Notify Test bodyV0.0.2',
     silent: true },
  packageName: 'com.opusneo.epmod2020.workplace' }
[2019-03-26T03:26:02.939] [INFO] info - payload:Request parameter of sendToAll service in FCM { data:
   { title: 'WPO(sendtoall silent) - WPO Notify TestV0.0.2',
     body: 'WPO(sendtoall)  - WPO Notify Test bodyV0.0.2',
     silent: 'true' } }
[2019-03-26T03:26:02.939] [INFO] info - topic:Request parameter of sendToAll service in FCM testDemo
[2019-03-26T03:26:02.967] [INFO] info - Search result of get Service for SendToAll Service { _id: 5c99fc64209f4b709cc11ac5,
  deviceId: '227c8545-25d3-4228-af55-eed226d9ecb8',
  packageName: 'com.opusneo.epmod2020.workplace',
  platform: 'iOS',
  __v: 0,
  createdAt: 2019-03-26T10:18:12.057Z,
  group: 'fulcrum',
  registrationToken:
   '073cd1268fb8017916cc3a9767d2817e9e5faf744736f7c5b6a08ca368bcdf13',
  username: 'jensm06@eogp.dk' }
[2019-03-26T03:26:04.674] [INFO] info - Successfully sent message: { messageId: 6998880949610553000 }
[2019-03-26T03:26:39.368] [INFO] info - Start SendToAll Service
[2019-03-26T03:26:39.504] [INFO] info - Request body of sendForTopic Service { notification:
   { title: 'WPO(sendtoall silent) - WPO Notify TestV0.0.2',
     body: 'WPO(sendtoall)  - WPO Notify Test bodyV0.0.2',
     silent: true },
  packageName: 'com.opusneo.epmod2020.workplace' }
[2019-03-26T03:26:39.509] [INFO] info - payload:Request parameter of sendToAll service in FCM { data:
   { title: 'WPO(sendtoall silent) - WPO Notify TestV0.0.2',
     body: 'WPO(sendtoall)  - WPO Notify Test bodyV0.0.2',
     silent: 'true' } }
[2019-03-26T03:26:39.511] [INFO] info - topic:Request parameter of sendToAll service in FCM testDemo
[2019-03-26T03:26:39.553] [INFO] info - Search result of get Service for SendToAll Service { _id: 5c99fc64209f4b709cc11ac5,
  deviceId: '227c8545-25d3-4228-af55-eed226d9ecb8',
  packageName: 'com.opusneo.epmod2020.workplace',
  platform: 'iOS',
  __v: 0,
  createdAt: 2019-03-26T10:18:12.057Z,
  group: 'fulcrum',
  registrationToken:
   '073cd1268fb8017916cc3a9767d2817e9e5faf744736f7c5b6a08ca368bcdf13',
  username: 'jensm06@eogp.dk' }
[2019-03-26T03:26:40.954] [INFO] info - Successfully sent message: { messageId: 6977226846421374000 }
[2019-03-26T03:31:54.722] [INFO] info - Start SendToAll Service
[2019-03-26T03:31:54.964] [INFO] info - Request body of sendForTopic Service { notification:
   { title: 'WPO(sendtoall silent) - WPO Notify TestV0.0.2',
     body: 'WPO(sendtoall)  - WPO Notify Test bodyV0.0.2',
     silent: true },
  packageName: 'com.opusneo.epmod2020.workplace' }
[2019-03-26T03:31:54.971] [INFO] info - payload:Request parameter of sendToAll service in FCM { data:
   { title: 'WPO(sendtoall silent) - WPO Notify TestV0.0.2',
     body: 'WPO(sendtoall)  - WPO Notify Test bodyV0.0.2',
     silent: 'true' } }
[2019-03-26T03:31:54.973] [INFO] info - topic:Request parameter of sendToAll service in FCM testDemo
[2019-03-26T03:31:55.019] [INFO] info - Search result of get Service for SendToAll Service { _id: 5c99fc64209f4b709cc11ac5,
  deviceId: '227c8545-25d3-4228-af55-eed226d9ecb8',
  packageName: 'com.opusneo.epmod2020.workplace',
  platform: 'iOS',
  __v: 0,
  createdAt: 2019-03-26T10:18:12.057Z,
  group: 'fulcrum',
  registrationToken:
   '073cd1268fb8017916cc3a9767d2817e9e5faf744736f7c5b6a08ca368bcdf13',
  username: 'jensm06@eogp.dk' }
[2019-03-26T03:31:56.735] [INFO] info - Successfully sent message: { messageId: 5959053561649514000 }
[2019-03-26T03:32:53.393] [INFO] info - Start Get Device Service
[2019-03-26T03:33:18.328] [INFO] info - Start SendNotification Service
[2019-03-26T03:33:18.328] [INFO] info - Request body of sendNotification Service [ { username: 'jensm06@eogp.dk',
    notification:
     { title: 'New notification',
       body: 'Test for defect ',
       url: 'https://mod2020.dk/#!Arbejdstoej',
       silent: true },
    packageName: 'com.opusneo.epmod2020.workplace' } ]
[2019-03-26T03:33:18.438] [INFO] info - note:Request parameter of send messaging service in APN { encoding: 'utf8',
  payload:
   { messageFrom: 'Test for defect ',
     url: 'https://mod2020.dk/#!Arbejdstoej' },
  compiled: false,
  aps: { badge: 1, sound: 'ping.aiff', alert: 'New notification' },
  expiry: 1553599998,
  priority: 10,
  topic: 'com.opusneo.epmod2020.workplace.voip' }
[2019-03-26T03:33:18.440] [INFO] info - RegistrationTokens:Request parameter of send messaging service in APN [ '073cd1268fb8017916cc3a9767d2817e9e5faf744736f7c5b6a08ca368bcdf13' ]
[2019-03-26T03:33:35.995] [INFO] info - Start SendNotification Service
[2019-03-26T03:33:35.997] [INFO] info - Request body of sendNotification Service [ { username: 'jensm06@eogp.dk',
    notification:
     { title: 'New notification',
       body: 'Test for defect ',
       url: 'https://mod2020.dk/#!Arbejdstoej',
       silent: true },
    packageName: 'com.opusneo.epmod2020.workplace' } ]
[2019-03-26T03:33:36.142] [INFO] info - note:Request parameter of send messaging service in APN { encoding: 'utf8',
  payload:
   { messageFrom: 'Test for defect ',
     url: 'https://mod2020.dk/#!Arbejdstoej' },
  compiled: false,
  aps: { badge: 1, sound: 'ping.aiff', alert: 'New notification' },
  expiry: 1553600016,
  priority: 10,
  topic: 'com.opusneo.epmod2020.workplace.voip' }
[2019-03-26T03:33:36.143] [INFO] info - RegistrationTokens:Request parameter of send messaging service in APN [ '073cd1268fb8017916cc3a9767d2817e9e5faf744736f7c5b6a08ca368bcdf13' ]
[2019-03-26T03:35:36.301] [INFO] info - Start Create and Update Registration Service
[2019-03-26T03:35:36.303] [INFO] info - Request body of Registration Service  { deviceId: 'f3af0254-8abf-410d-bd0a-925d9be66017',
  packageName: 'com.opusneo.epmod2020.workplace',
  platform: 'iOS',
  registrationToken:
   'fac1c2b8f25679655a31e6f5195eb0d8d137fb7c187404376c599c0bc887e066',
  createdAt: '2019-03-26T07:46:39.127Z',
  group: 'fulcrum',
  username: 'ddash' }
[2019-03-26T03:35:36.319] [INFO] info - New device successfully register for FCM
[2019-03-26T03:35:47.644] [INFO] info - Start SendNotification Service
[2019-03-26T03:35:47.645] [INFO] info - Request body of sendNotification Service [ { username: 'ddash',
    notification:
     { title: 'New notification',
       body: 'Test for defect ',
       url: 'https://mod2020.dk/#!Arbejdstoej',
       silent: true },
    packageName: 'com.opusneo.epmod2020.workplace' } ]
[2019-03-26T03:35:47.771] [INFO] info - note:Request parameter of send messaging service in APN { encoding: 'utf8',
  payload:
   { messageFrom: 'Test for defect ',
     url: 'https://mod2020.dk/#!Arbejdstoej' },
  compiled: false,
  aps: { badge: 1, sound: 'ping.aiff', alert: 'New notification' },
  expiry: 1553600147,
  priority: 10,
  topic: 'com.opusneo.epmod2020.workplace.voip' }
[2019-03-26T03:35:47.772] [INFO] info - RegistrationTokens:Request parameter of send messaging service in APN [ 'fac1c2b8f25679655a31e6f5195eb0d8d137fb7c187404376c599c0bc887e066' ]
[2019-03-26T03:36:17.972] [INFO] info - Start SendToAll Service
[2019-03-26T03:36:18.046] [INFO] info - Request body of sendForTopic Service { notification:
   { title: 'WPO(sendtoall silent) - WPO Notify TestV0.0.2',
     body: 'WPO(sendtoall)  - WPO Notify Test bodyV0.0.2',
     silent: true },
  packageName: 'com.opusneo.epmod2020.workplace' }
[2019-03-26T03:36:18.049] [INFO] info - payload:Request parameter of sendToAll service in FCM { data:
   { title: 'WPO(sendtoall silent) - WPO Notify TestV0.0.2',
     body: 'WPO(sendtoall)  - WPO Notify Test bodyV0.0.2',
     silent: 'true' } }
[2019-03-26T03:36:18.049] [INFO] info - topic:Request parameter of sendToAll service in FCM testDemo
[2019-03-26T03:36:18.059] [INFO] info - Search result of get Service for SendToAll Service { _id: 5c99fc64209f4b709cc11ac5,
  deviceId: '227c8545-25d3-4228-af55-eed226d9ecb8',
  packageName: 'com.opusneo.epmod2020.workplace',
  platform: 'iOS',
  __v: 0,
  createdAt: 2019-03-26T10:18:12.057Z,
  group: 'fulcrum',
  registrationToken:
   '073cd1268fb8017916cc3a9767d2817e9e5faf744736f7c5b6a08ca368bcdf13',
  username: 'jensm06@eogp.dk' }
[2019-03-26T03:36:19.707] [INFO] info - Successfully sent message: { messageId: 8996490689307863000 }
[2019-03-26T03:45:39.072] [INFO] info - Start Create and Update Registration Service
[2019-03-26T03:45:39.073] [INFO] info - Request body of Registration Service  { deviceId: 'd63d1108d7a6098c',
  packageName: 'com.opusneo.epmod2020.workplace',
  platform: 'Android',
  createdAt: '2019-03-26T10:43:27.094Z',
  group: 'fulcrum',
  registrationToken:
   'ezqWVUvOoqM:APA91bGj0JGuSi2UYt9dnH0ShY60SaDfIvd1c9Y9HG5KAiwx2WudT2VdqB4C-D8J0NHwikBVATicR2JfvnbM4w007nHHeYDHqf6aDxD8QJD5vPpRl0fiKxaQ558Udp12VyW3QQ1UHJgL',
  username: 'krism04@eogp.dk' }
[2019-03-26T03:45:39.078] [INFO] info - New device successfully register for FCM
[2019-03-26T03:46:04.206] [INFO] info - Start SendNotification Service
[2019-03-26T03:46:04.209] [INFO] info - Request body of sendNotification Service [ { username: 'krism04@eogp.dk',
    notification:
     { title: 'New notification',
       body: 'Test for defect ',
       url: 'https://mod2020.dk/#!Arbejdstoej',
       silent: true },
    packageName: 'com.opusneo.epmod2020.workplace' } ]
[2019-03-26T03:46:04.311] [INFO] info - registrationTokens:Request parameter of send messaging service in FCM [ 'ezqWVUvOoqM:APA91bGj0JGuSi2UYt9dnH0ShY60SaDfIvd1c9Y9HG5KAiwx2WudT2VdqB4C-D8J0NHwikBVATicR2JfvnbM4w007nHHeYDHqf6aDxD8QJD5vPpRl0fiKxaQ558Udp12VyW3QQ1UHJgL' ]
[2019-03-26T03:46:04.313] [INFO] info - payload:Request parameter of send messaging service in FCM { data:
   { title: 'New notification',
     body: 'Test for defect ',
     url: 'https://mod2020.dk/#!Arbejdstoej',
     silent: 'true' } }
[2019-03-26T03:46:05.038] [INFO] info - resultList [ { status: 'success',
    registrationToken:
     'ezqWVUvOoqM:APA91bGj0JGuSi2UYt9dnH0ShY60SaDfIvd1c9Y9HG5KAiwx2WudT2VdqB4C-D8J0NHwikBVATicR2JfvnbM4w007nHHeYDHqf6aDxD8QJD5vPpRl0fiKxaQ558Udp12VyW3QQ1UHJgL' } ]
[2019-03-26T03:48:09.613] [INFO] info - Start Create and Update Registration Service
[2019-03-26T03:48:09.615] [INFO] info - Request body of Registration Service  { _id: '5c99dd68c55c5f9a68263642',
  deviceId: '7e6015d8-94d4-4188-8615-9473a1365f1d',
  packageName: 'com.opusneo.epmod2020.workplace',
  platform: 'iOS',
  __v: 0,
  registrationToken:
   '5c14f971ecdc5875320edb93c82b768bf9a79d661216ccad7698e9765c95c8a5',
  createdAt: '2019-03-26T08:06:31.403Z',
  group: 'fulcrum',
  username: 'ddash' }
[2019-03-26T03:48:09.809] [ERROR] info - { MongoError: Updating the path '__v' would create a conflict at '__v'
    at Function.MongoError.create (C:\suresh\Nodejs\opusneo\opusdev\node_modules\mongodb-core\lib\error.js:31:11)
    at C:\suresh\Nodejs\opusneo\opusdev\node_modules\mongodb-core\lib\connection\pool.js:497:72
    at authenticateStragglers (C:\suresh\Nodejs\opusneo\opusdev\node_modules\mongodb-core\lib\connection\pool.js:443:16)
    at Connection.messageHandler (C:\suresh\Nodejs\opusneo\opusdev\node_modules\mongodb-core\lib\connection\pool.js:477:5)
    at Socket.<anonymous> (C:\suresh\Nodejs\opusneo\opusdev\node_modules\mongodb-core\lib\connection\connection.js:333:22)
    at Socket.emit (events.js:189:13)
    at addChunk (_stream_readable.js:284:12)
    at readableAddChunk (_stream_readable.js:265:11)
    at Socket.Readable.push (_stream_readable.js:220:10)
    at TCP.onStreamRead [as onread] (internal/stream_base_commons.js:94:17)
  name: 'MongoError',
  message:
   'Updating the path \'__v\' would create a conflict at \'__v\'',
  ok: 0,
  errmsg:
   'Updating the path \'__v\' would create a conflict at \'__v\'',
  code: 40,
  codeName: 'ConflictingUpdateOperators' }
[2019-03-26T03:48:30.196] [INFO] info - Start Create and Update Registration Service
[2019-03-26T03:48:30.199] [INFO] info - Request body of Registration Service  { deviceId: '7e6015d8-94d4-4188-8615-9473a1365f1d',
  packageName: 'com.opusneo.epmod2020.workplace',
  platform: 'iOS',
  registrationToken:
   '5c14f971ecdc5875320edb93c82b768bf9a79d661216ccad7698e9765c95c8a5',
  createdAt: '2019-03-26T08:06:31.403Z',
  group: 'fulcrum',
  username: 'ddash' }
[2019-03-26T03:48:30.217] [INFO] info - New device successfully register for FCM
[2019-03-26T03:48:59.556] [INFO] info - Start SendNotification Service
[2019-03-26T03:48:59.556] [INFO] info - Request body of sendNotification Service [ { username: 'ddash',
    notification:
     { title: 'Test for EP Production issue',
       body: 'Test for defect ',
       url: 'https://mod2020.dk/#!Arbejdstoej',
       silent: true },
    packageName: 'com.opusneo.epmod2020.workplace' } ]
[2019-03-26T03:48:59.710] [INFO] info - note:Request parameter of send messaging service in APN { encoding: 'utf8',
  payload:
   { messageFrom: 'Test for defect ',
     url: 'https://mod2020.dk/#!Arbejdstoej' },
  compiled: false,
  aps:
   { badge: 1,
     sound: 'ping.aiff',
     alert: 'Test for EP Production issue' },
  expiry: 1553600939,
  priority: 10,
  topic: 'com.opusneo.epmod2020.workplace.voip' }
[2019-03-26T03:48:59.712] [INFO] info - RegistrationTokens:Request parameter of send messaging service in APN [ 'fac1c2b8f25679655a31e6f5195eb0d8d137fb7c187404376c599c0bc887e066',
  '5c14f971ecdc5875320edb93c82b768bf9a79d661216ccad7698e9765c95c8a5' ]
[2019-03-26T03:49:34.141] [INFO] info - Start SendToAll Service
[2019-03-26T03:49:34.235] [INFO] info - Request body of sendForTopic Service { notification:
   { title: 'WPO(sendtoall silent) - WPO Notify TestV0.0.2',
     body: 'WPO(sendtoall)  - WPO Notify Test bodyV0.0.2',
     silent: true },
  packageName: 'com.opusneo.epmod2020.workplace' }
[2019-03-26T03:49:34.237] [INFO] info - payload:Request parameter of sendToAll service in FCM { data:
   { title: 'WPO(sendtoall silent) - WPO Notify TestV0.0.2',
     body: 'WPO(sendtoall)  - WPO Notify Test bodyV0.0.2',
     silent: 'true' } }
[2019-03-26T03:49:34.237] [INFO] info - topic:Request parameter of sendToAll service in FCM testDemo
[2019-03-26T03:49:34.248] [INFO] info - Search result of get Service for SendToAll Service { _id: 5c99fc64209f4b709cc11ac5,
  deviceId: '227c8545-25d3-4228-af55-eed226d9ecb8',
  packageName: 'com.opusneo.epmod2020.workplace',
  platform: 'iOS',
  __v: 0,
  createdAt: 2019-03-26T10:18:12.057Z,
  group: 'fulcrum',
  registrationToken:
   '073cd1268fb8017916cc3a9767d2817e9e5faf744736f7c5b6a08ca368bcdf13',
  username: 'jensm06@eogp.dk' }
[2019-03-26T03:49:35.587] [INFO] info - Successfully sent message: { messageId: 6530208417923868000 }
[2019-03-26T03:50:02.015] [INFO] info - Start SendToAll Service
[2019-03-26T03:50:02.114] [INFO] info - Request body of sendForTopic Service { notification:
   { title: 'EP Production(sendtoall silent) - EP Notify TestV0.0.2',
     body: 'EP(sendtoall)  - EP Notify Test bodyV0.0.2',
     silent: true },
  packageName: 'com.opusneo.epmod2020.workplace' }
[2019-03-26T03:50:02.116] [INFO] info - payload:Request parameter of sendToAll service in FCM { data:
   { title: 'EP Production(sendtoall silent) - EP Notify TestV0.0.2',
     body: 'EP(sendtoall)  - EP Notify Test bodyV0.0.2',
     silent: 'true' } }
[2019-03-26T03:50:02.116] [INFO] info - topic:Request parameter of sendToAll service in FCM testDemo
[2019-03-26T03:50:02.119] [INFO] info - Search result of get Service for SendToAll Service { _id: 5c99fc64209f4b709cc11ac5,
  deviceId: '227c8545-25d3-4228-af55-eed226d9ecb8',
  packageName: 'com.opusneo.epmod2020.workplace',
  platform: 'iOS',
  __v: 0,
  createdAt: 2019-03-26T10:18:12.057Z,
  group: 'fulcrum',
  registrationToken:
   '073cd1268fb8017916cc3a9767d2817e9e5faf744736f7c5b6a08ca368bcdf13',
  username: 'jensm06@eogp.dk' }
[2019-03-26T03:50:03.079] [INFO] info - Successfully sent message: { messageId: 4623090013933140000 }
[2019-03-26T03:59:06.768] [INFO] info - Start Create and Update Registration Service
[2019-03-26T03:59:06.769] [INFO] info - Request body of Registration Service  { deviceId: '74613722-5b7f-424b-946b-a01119a9d9f2',
  packageName: 'com.opusneo.epmod2020.workplace',
  platform: 'iOS',
  registrationToken:
   '953ffcae81e6b96ae84963909bb609f8f60d92bf05860ab75c1bdf89ef2e94d4',
  createdAt: '2019-03-26T10:56:34.007Z',
  group: 'fulcrum',
  username: 'krism04@eogp.dk' }
[2019-03-26T03:59:06.774] [INFO] info - New device successfully register for FCM
[2019-03-26T03:59:26.128] [INFO] info - Start SendNotification Service
[2019-03-26T03:59:26.129] [INFO] info - Request body of sendNotification Service [ { username: 'krism04@eogp.dk',
    notification:
     { title: 'Test for EP Production issue',
       body: 'Test for defect ',
       url: 'https://mod2020.dk/#!Arbejdstoej',
       silent: true },
    packageName: 'com.opusneo.epmod2020.workplace' } ]
[2019-03-26T03:59:26.215] [INFO] info - note:Request parameter of send messaging service in APN { encoding: 'utf8',
  payload:
   { messageFrom: 'Test for defect ',
     url: 'https://mod2020.dk/#!Arbejdstoej' },
  compiled: false,
  aps:
   { badge: 1,
     sound: 'ping.aiff',
     alert: 'Test for EP Production issue' },
  expiry: 1553601566,
  priority: 10,
  topic: 'com.opusneo.epmod2020.workplace.voip' }
[2019-03-26T03:59:26.216] [INFO] info - RegistrationTokens:Request parameter of send messaging service in APN [ '953ffcae81e6b96ae84963909bb609f8f60d92bf05860ab75c1bdf89ef2e94d4' ]
[2019-03-26T03:59:26.225] [INFO] info - registrationTokens:Request parameter of send messaging service in FCM [ 'ezqWVUvOoqM:APA91bGj0JGuSi2UYt9dnH0ShY60SaDfIvd1c9Y9HG5KAiwx2WudT2VdqB4C-D8J0NHwikBVATicR2JfvnbM4w007nHHeYDHqf6aDxD8QJD5vPpRl0fiKxaQ558Udp12VyW3QQ1UHJgL' ]
[2019-03-26T03:59:26.225] [INFO] info - payload:Request parameter of send messaging service in FCM { data:
   { title: 'Test for EP Production issue',
     body: 'Test for defect ',
     url: 'https://mod2020.dk/#!Arbejdstoej',
     silent: 'true' } }
[2019-03-26T03:59:26.399] [INFO] info - resultList [ { status: 'success',
    registrationToken:
     'ezqWVUvOoqM:APA91bGj0JGuSi2UYt9dnH0ShY60SaDfIvd1c9Y9HG5KAiwx2WudT2VdqB4C-D8J0NHwikBVATicR2JfvnbM4w007nHHeYDHqf6aDxD8QJD5vPpRl0fiKxaQ558Udp12VyW3QQ1UHJgL' } ]
[2019-03-26T04:00:03.550] [INFO] info - Start SendToAll Service
[2019-03-26T04:00:03.621] [INFO] info - Request body of sendForTopic Service { notification:
   { title: 'EP Production(sendtoall silent) - EP Notify TestV0.0.2',
     body: 'EP(sendtoall)  - EP Notify Test bodyV0.0.2',
     silent: true },
  packageName: 'com.opusneo.epmod2020.workplace' }
[2019-03-26T04:00:03.623] [INFO] info - payload:Request parameter of sendToAll service in FCM { data:
   { title: 'EP Production(sendtoall silent) - EP Notify TestV0.0.2',
     body: 'EP(sendtoall)  - EP Notify Test bodyV0.0.2',
     silent: 'true' } }
[2019-03-26T04:00:03.624] [INFO] info - topic:Request parameter of sendToAll service in FCM testDemo
[2019-03-26T04:00:03.626] [INFO] info - Search result of get Service for SendToAll Service { _id: 5c99fc64209f4b709cc11ac5,
  deviceId: '227c8545-25d3-4228-af55-eed226d9ecb8',
  packageName: 'com.opusneo.epmod2020.workplace',
  platform: 'iOS',
  __v: 0,
  createdAt: 2019-03-26T10:18:12.057Z,
  group: 'fulcrum',
  registrationToken:
   '073cd1268fb8017916cc3a9767d2817e9e5faf744736f7c5b6a08ca368bcdf13',
  username: 'jensm06@eogp.dk' }
[2019-03-26T04:00:04.635] [INFO] info - Successfully sent message: { messageId: 5573143228135007000 }
[2019-03-26T06:13:18.939] [INFO] info - Start Get Device Service
[2019-03-26T06:15:47.246] [INFO] info - Start Create and Update Registration Service
[2019-03-26T06:15:47.255] [ERROR] info - Create and Update Registration Service: Registration token and DeviceId should not be Empty.
[2019-03-26T07:51:02.442] [INFO] info - Start Get Device Service
[2019-03-26T07:55:14.723] [INFO] info - Start Create and Update Registration Service
[2019-03-26T07:55:14.724] [INFO] info - Request body of Registration Service  { deviceId: 'cd2c2237-5632-45a7-80ad-d4f3b5a654ad',
  packageName: 'com.opusneo.epmod2020.workplace.dev',
  platform: 'iOS',
  registrationToken:
   '386ca4aa3e1919b2d65eb74a63fe5172f0faca4350a2dbb8e85ea725c5812816',
  createdAt: '2019-03-12T13:28:13.421Z',
  group: 'fulcrum',
  username: 'ddash' }
[2019-03-26T07:55:14.740] [INFO] info - New device successfully register for FCM
[2019-03-26T07:55:48.988] [INFO] info - Request body of deleteAll Service {}
[2019-03-26T07:55:48.994] [INFO] info - All device sucessfully deleted!
[2019-03-26T07:55:52.795] [INFO] info - Start Get Device Service
[2019-03-26T07:57:13.617] [INFO] info - Start Create and Update Registration Service
[2019-03-26T07:57:13.618] [INFO] info - Request body of Registration Service  { deviceId: 'cd2c2237-5632-45a7-80ad-d4f3b5a654ad',
  packageName: 'com.opusneo.epmod2020.workplace.dev',
  platform: 'iOS',
  registrationToken:
   '386ca4aa3e1919b2d65eb74a63fe5172f0faca4350a2dbb8e85ea725c5812816',
  createdAt: '2019-03-12T13:28:13.421Z',
  group: 'fulcrum',
  username: 'ddash' }
[2019-03-26T07:57:13.622] [INFO] info - New device successfully register for FCM
[2019-03-26T07:57:17.275] [INFO] info - Start Get Device Service
[2019-03-26T07:57:46.434] [INFO] info - Start Create and Update Registration Service
[2019-03-26T07:57:46.435] [INFO] info - Request body of Registration Service  { deviceId: '3e532db3-fe81-41a3-8b91-ac62cd1f5986',
  packageName: 'com.opusneo.epmod2020.workplace',
  platform: 'iOS',
  registrationToken:
   '0b618964c21025de908c9946f7adc7e613d76b38ccdd98c8e817130dfac06ae6',
  createdAt: '2019-03-23T20:22:33.312Z',
  group: 'fulcrum',
  username: 'ddash' }
[2019-03-26T07:57:46.438] [INFO] info - New device successfully register for FCM
[2019-03-26T07:58:18.442] [INFO] info - Start Create and Update Registration Service
[2019-03-26T07:58:18.443] [INFO] info - Request body of Registration Service  { deviceId: '1cf70a41-fa6c-460d-ac94-a8e7ceb4cb3e',
  packageName: 'com.opusneo.epmod2020.workplace',
  platform: 'iOS',
  registrationToken:
   'bdef911e13d6e70fc1c0e00e372994cbc11ba54f5d1df46fbae18b92bc30863e',
  createdAt: '2019-03-25T16:56:32.018Z',
  group: 'fulcrum',
  username: 'ddash' }
[2019-03-26T07:58:18.446] [INFO] info - New device successfully register for FCM
[2019-03-26T08:00:41.943] [INFO] info - Request body of deleteAll Service {}
[2019-03-26T08:00:41.961] [INFO] info - All device sucessfully deleted!
[2019-03-26T08:19:26.159] [INFO] info - Request body of deleteAll Service { platform: 'iOS' }
[2019-03-26T08:19:26.171] [INFO] info - All device sucessfully deleted!
[2019-03-26T08:19:32.964] [INFO] info - Start Get Device Service
[2019-03-26T08:21:18.167] [INFO] info - Request body of deleteAll Service { platform: 'iOS',
  packageName: 'com.opusneo.epmod2020.workplace' }
[2019-03-26T08:21:18.181] [INFO] info - All device sucessfully deleted!
[2019-03-26T08:21:31.040] [INFO] info - Start Create and Update Registration Service
[2019-03-26T08:21:31.041] [INFO] info - Request body of Registration Service  { deviceId: '1cf70a41-fa6c-460d-ac94-a8e7ceb4cb3e',
  packageName: 'com.opusneo.epmod2020.workplace',
  platform: 'iOS',
  registrationToken:
   'bdef911e13d6e70fc1c0e00e372994cbc11ba54f5d1df46fbae18b92bc30863e',
  createdAt: '2019-03-25T16:56:32.018Z',
  group: 'fulcrum',
  username: 'ddash' }
[2019-03-26T08:21:31.054] [INFO] info - New device successfully register for FCM
[2019-03-26T08:21:34.587] [INFO] info - Start Get Device Service
[2019-03-26T08:21:41.472] [INFO] info - Request body of deleteAll Service { platform: 'iOS',
  packageName: 'com.opusneo.epmod2020.workplace' }
[2019-03-26T08:21:41.475] [INFO] info - All device sucessfully deleted!
[2019-03-26T08:21:44.340] [INFO] info - Start Get Device Service
[2019-04-05T02:29:13.898] [INFO] info - Start Get Device Service
[2019-04-05T02:32:57.391] [INFO] info - Start Create and Update Registration Service
[2019-04-05T02:32:57.394] [INFO] info - Request body of Registration Service  { deviceId: '33a2ad3bec550d86',
  packageName: 'uk.co.mearsgroup.connect.dev',
  platform: 'Android',
  registrationToken:
   'd8bneJCKDTw:APA91bEbe1c0Tegf78QhLtMOt5VMvSh-MLV3I_aL4Y9AYSuJwK8C4XEMLOO3I6lMmlFwLmHKbfRRiDl6gJBvPi3c6bIf0OtGEA7ul6XqjVZUtT_feuHgPhmzSsrsecm3lDlxZSQLAQIw',
  createdAt: '2019-04-05T09:23:34.867Z',
  group: 'fulcrum',
  username: 'test1.connect' }
[2019-04-05T02:32:57.457] [INFO] info - New device successfully register for FCM
[2019-04-05T02:33:26.473] [INFO] info - Start Get Device Service
[2019-04-05T02:33:48.921] [INFO] info - Start SendToAll Service
[2019-04-05T02:33:48.922] [ERROR] info - SendToAll Service: Internel server error.
[2019-04-05T02:33:48.927] [INFO] info - Search result of get Service for SendToAll Service { _id: 5ca720c9209f4b709cc125de,
  deviceId: '33a2ad3bec550d86',
  packageName: 'uk.co.mearsgroup.connect.dev',
  platform: 'Android',
  __v: 0,
  createdAt: 2019-04-05T09:32:57.404Z,
  group: 'fulcrum',
  registrationToken:
   'd8bneJCKDTw:APA91bEbe1c0Tegf78QhLtMOt5VMvSh-MLV3I_aL4Y9AYSuJwK8C4XEMLOO3I6lMmlFwLmHKbfRRiDl6gJBvPi3c6bIf0OtGEA7ul6XqjVZUtT_feuHgPhmzSsrsecm3lDlxZSQLAQIw',
  username: 'test1.connect' }
[2019-04-05T02:46:47.669] [INFO] info - Start SendToAll Service
[2019-04-05T02:46:47.673] [ERROR] info - SendToAll Service: Internel server error.
[2019-04-05T02:46:47.691] [INFO] info - Search result of get Service for SendToAll Service { _id: 5ca720c9209f4b709cc125de,
  deviceId: '33a2ad3bec550d86',
  packageName: 'uk.co.mearsgroup.connect.dev',
  platform: 'Android',
  __v: 0,
  createdAt: 2019-04-05T09:32:57.404Z,
  group: 'fulcrum',
  registrationToken:
   'd8bneJCKDTw:APA91bEbe1c0Tegf78QhLtMOt5VMvSh-MLV3I_aL4Y9AYSuJwK8C4XEMLOO3I6lMmlFwLmHKbfRRiDl6gJBvPi3c6bIf0OtGEA7ul6XqjVZUtT_feuHgPhmzSsrsecm3lDlxZSQLAQIw',
  username: 'test1.connect' }
[2019-04-05T02:50:40.810] [INFO] info - Start SendToAll Service
[2019-04-05T02:50:40.815] [ERROR] info - SendToAll Service: Internel server error.
[2019-04-05T02:50:40.832] [INFO] info - Search result of get Service for SendToAll Service { _id: 5ca720c9209f4b709cc125de,
  deviceId: '33a2ad3bec550d86',
  packageName: 'uk.co.mearsgroup.connect.dev',
  platform: 'Android',
  __v: 0,
  createdAt: 2019-04-05T09:32:57.404Z,
  group: 'fulcrum',
  registrationToken:
   'd8bneJCKDTw:APA91bEbe1c0Tegf78QhLtMOt5VMvSh-MLV3I_aL4Y9AYSuJwK8C4XEMLOO3I6lMmlFwLmHKbfRRiDl6gJBvPi3c6bIf0OtGEA7ul6XqjVZUtT_feuHgPhmzSsrsecm3lDlxZSQLAQIw',
  username: 'test1.connect' }
[2019-04-05T02:56:08.157] [INFO] info - Start SendToAll Service
[2019-04-05T02:56:08.167] [ERROR] info - SendToAll Service: Internel server error.
[2019-04-05T02:56:08.184] [INFO] info - Search result of get Service for SendToAll Service { _id: 5ca720c9209f4b709cc125de,
  deviceId: '33a2ad3bec550d86',
  packageName: 'uk.co.mearsgroup.connect.dev',
  platform: 'Android',
  __v: 0,
  createdAt: 2019-04-05T09:32:57.404Z,
  group: 'fulcrum',
  registrationToken:
   'd8bneJCKDTw:APA91bEbe1c0Tegf78QhLtMOt5VMvSh-MLV3I_aL4Y9AYSuJwK8C4XEMLOO3I6lMmlFwLmHKbfRRiDl6gJBvPi3c6bIf0OtGEA7ul6XqjVZUtT_feuHgPhmzSsrsecm3lDlxZSQLAQIw',
  username: 'test1.connect' }
[2019-04-05T02:59:32.036] [INFO] info - Start SendToAll Service
[2019-04-05T02:59:32.042] [ERROR] info - SendToAll Service: Internel server error.
[2019-04-05T02:59:32.066] [INFO] info - Search result of get Service for SendToAll Service { _id: 5ca720c9209f4b709cc125de,
  deviceId: '33a2ad3bec550d86',
  packageName: 'uk.co.mearsgroup.connect.dev',
  platform: 'Android',
  __v: 0,
  createdAt: 2019-04-05T09:32:57.404Z,
  group: 'fulcrum',
  registrationToken:
   'd8bneJCKDTw:APA91bEbe1c0Tegf78QhLtMOt5VMvSh-MLV3I_aL4Y9AYSuJwK8C4XEMLOO3I6lMmlFwLmHKbfRRiDl6gJBvPi3c6bIf0OtGEA7ul6XqjVZUtT_feuHgPhmzSsrsecm3lDlxZSQLAQIw',
  username: 'test1.connect' }
[2019-04-05T03:00:32.345] [INFO] info - Start SendToAll Service
[2019-04-05T03:00:32.672] [INFO] info - Request body of sendForTopic Service { notification:
   { title:
      'WPO(sendtoall Testing for IOS with url) - WPO Notify TestV0.0.2',
     body: 'WPO(sendtoall)  - WPO Notify Test bodyV0.0.2',
     silent: true,
     url: 'https://mod2020.dk/#!Arbejdstoej' },
  packageName: 'uk.co.mearsgroup.connect.dev' }
[2019-04-05T03:00:32.675] [INFO] info - payload:Request parameter of sendToAll service in FCM { data:
   { title:
      'WPO(sendtoall Testing for IOS with url) - WPO Notify TestV0.0.2',
     body: 'WPO(sendtoall)  - WPO Notify Test bodyV0.0.2',
     silent: 'true',
     url: 'https://mod2020.dk/#!Arbejdstoej' } }
[2019-04-05T03:00:32.676] [INFO] info - topic:Request parameter of sendToAll service in FCM testDemo
[2019-04-05T03:00:32.703] [INFO] info - Search result of get Service for SendToAll Service { _id: 5ca720c9209f4b709cc125de,
  deviceId: '33a2ad3bec550d86',
  packageName: 'uk.co.mearsgroup.connect.dev',
  platform: 'Android',
  __v: 0,
  createdAt: 2019-04-05T09:32:57.404Z,
  group: 'fulcrum',
  registrationToken:
   'd8bneJCKDTw:APA91bEbe1c0Tegf78QhLtMOt5VMvSh-MLV3I_aL4Y9AYSuJwK8C4XEMLOO3I6lMmlFwLmHKbfRRiDl6gJBvPi3c6bIf0OtGEA7ul6XqjVZUtT_feuHgPhmzSsrsecm3lDlxZSQLAQIw',
  username: 'test1.connect' }
[2019-04-05T03:00:34.304] [INFO] info - Successfully sent message: { messageId: 6311391622435643000 }
[2019-04-05T04:42:06.527] [INFO] info - Start SendToAll Service
[2019-04-05T04:42:06.674] [INFO] info - Request body of sendForTopic Service { notification:
   { title:
      'WPO(sendtoall Testing for IOS with url) - WPO Notify TestV0.0.2',
     body: 'WPO(sendtoall)  - WPO Notify Test bodyV0.0.2',
     silent: true,
     url: 'https://mod2020.dk/#!Arbejdstoej' },
  packageName: 'uk.co.mearsgroup.connect.dev' }
[2019-04-05T04:42:06.678] [INFO] info - payload:Request parameter of sendToAll service in FCM { data:
   { title:
      'WPO(sendtoall Testing for IOS with url) - WPO Notify TestV0.0.2',
     body: 'WPO(sendtoall)  - WPO Notify Test bodyV0.0.2',
     silent: 'true',
     url: 'https://mod2020.dk/#!Arbejdstoej' } }
[2019-04-05T04:42:06.679] [INFO] info - topic:Request parameter of sendToAll service in FCM testDemo
[2019-04-05T04:42:06.710] [INFO] info - Search result of get Service for SendToAll Service { _id: 5ca720c9209f4b709cc125de,
  deviceId: '33a2ad3bec550d86',
  packageName: 'uk.co.mearsgroup.connect.dev',
  platform: 'Android',
  __v: 0,
  createdAt: 2019-04-05T09:32:57.404Z,
  group: 'fulcrum',
  registrationToken:
   'd8bneJCKDTw:APA91bEbe1c0Tegf78QhLtMOt5VMvSh-MLV3I_aL4Y9AYSuJwK8C4XEMLOO3I6lMmlFwLmHKbfRRiDl6gJBvPi3c6bIf0OtGEA7ul6XqjVZUtT_feuHgPhmzSsrsecm3lDlxZSQLAQIw',
  username: 'test1.connect' }
[2019-04-05T04:42:07.712] [INFO] info - Successfully sent message: { messageId: 5522915733723323000 }
[2019-04-05T04:42:41.160] [INFO] info - Start SendNotification Service
[2019-04-05T04:42:41.162] [INFO] info - Request body of sendNotification Service [ { username: 'test1.connect',
    notification:
     { title: 'Test for epMode2020 production from local',
       body: 'Test for defect with ios7890 url',
       url: 'https://www.google.com',
       silent: true },
    packageName: 'uk.co.mearsgroup.connect.dev' } ]
[2019-04-05T04:42:41.339] [INFO] info - registrationTokens:Request parameter of send messaging service in FCM [ 'd8bneJCKDTw:APA91bEbe1c0Tegf78QhLtMOt5VMvSh-MLV3I_aL4Y9AYSuJwK8C4XEMLOO3I6lMmlFwLmHKbfRRiDl6gJBvPi3c6bIf0OtGEA7ul6XqjVZUtT_feuHgPhmzSsrsecm3lDlxZSQLAQIw' ]
[2019-04-05T04:42:41.341] [INFO] info - payload:Request parameter of send messaging service in FCM { data:
   { title: 'Test for epMode2020 production from local',
     body: 'Test for defect with ios7890 url',
     url: 'https://www.google.com',
     silent: 'true' } }
[2019-04-05T04:42:41.505] [INFO] info - resultList [ { status: 'success',
    registrationToken:
     'd8bneJCKDTw:APA91bEbe1c0Tegf78QhLtMOt5VMvSh-MLV3I_aL4Y9AYSuJwK8C4XEMLOO3I6lMmlFwLmHKbfRRiDl6gJBvPi3c6bIf0OtGEA7ul6XqjVZUtT_feuHgPhmzSsrsecm3lDlxZSQLAQIw' } ]
[2019-04-05T04:43:44.144] [INFO] info - Start SendNotification Service
[2019-04-05T04:43:44.146] [INFO] info - Request body of sendNotification Service [ { username: 'test1.connect',
    notification:
     { title: 'Test for mears connect from local',
       body: 'Test for defect with ios7890 url',
       url:
        'https://connect.mearsgroup.co.uk/connect/portal.nsf/menuItem.xsp#!ID087A62CF11CBD51080258211004D7F4D',
       silent: true },
    packageName: 'uk.co.mearsgroup.connect.dev' } ]
[2019-04-05T04:43:44.291] [INFO] info - registrationTokens:Request parameter of send messaging service in FCM [ 'd8bneJCKDTw:APA91bEbe1c0Tegf78QhLtMOt5VMvSh-MLV3I_aL4Y9AYSuJwK8C4XEMLOO3I6lMmlFwLmHKbfRRiDl6gJBvPi3c6bIf0OtGEA7ul6XqjVZUtT_feuHgPhmzSsrsecm3lDlxZSQLAQIw' ]
[2019-04-05T04:43:44.294] [INFO] info - payload:Request parameter of send messaging service in FCM { data:
   { title: 'Test for mears connect from local',
     body: 'Test for defect with ios7890 url',
     url:
      'https://connect.mearsgroup.co.uk/connect/portal.nsf/menuItem.xsp#!ID087A62CF11CBD51080258211004D7F4D',
     silent: 'true' } }
[2019-04-05T04:43:44.424] [INFO] info - resultList [ { status: 'success',
    registrationToken:
     'd8bneJCKDTw:APA91bEbe1c0Tegf78QhLtMOt5VMvSh-MLV3I_aL4Y9AYSuJwK8C4XEMLOO3I6lMmlFwLmHKbfRRiDl6gJBvPi3c6bIf0OtGEA7ul6XqjVZUtT_feuHgPhmzSsrsecm3lDlxZSQLAQIw' } ]
[2019-04-05T04:44:06.053] [INFO] info - Start SendNotification Service
[2019-04-05T04:44:06.054] [INFO] info - Request body of sendNotification Service [ { username: 'test1.connect',
    notification:
     { title: 'Test for mears connect from local',
       body: 'Test for defect with ios7890 url',
       url:
        'https://connect.mearsgroup.co.uk/connect/portal.nsf/menuItem.xsp#!ID087A62CF11CBD51080258211004D7F4D',
       silent: true },
    packageName: 'uk.co.mearsgroup.connect.dev' } ]
[2019-04-05T04:44:06.174] [INFO] info - registrationTokens:Request parameter of send messaging service in FCM [ 'd8bneJCKDTw:APA91bEbe1c0Tegf78QhLtMOt5VMvSh-MLV3I_aL4Y9AYSuJwK8C4XEMLOO3I6lMmlFwLmHKbfRRiDl6gJBvPi3c6bIf0OtGEA7ul6XqjVZUtT_feuHgPhmzSsrsecm3lDlxZSQLAQIw' ]
[2019-04-05T04:44:06.176] [INFO] info - payload:Request parameter of send messaging service in FCM { data:
   { title: 'Test for mears connect from local',
     body: 'Test for defect with ios7890 url',
     url:
      'https://connect.mearsgroup.co.uk/connect/portal.nsf/menuItem.xsp#!ID087A62CF11CBD51080258211004D7F4D',
     silent: 'true' } }
[2019-04-05T04:44:06.318] [INFO] info - resultList [ { status: 'success',
    registrationToken:
     'd8bneJCKDTw:APA91bEbe1c0Tegf78QhLtMOt5VMvSh-MLV3I_aL4Y9AYSuJwK8C4XEMLOO3I6lMmlFwLmHKbfRRiDl6gJBvPi3c6bIf0OtGEA7ul6XqjVZUtT_feuHgPhmzSsrsecm3lDlxZSQLAQIw' } ]
[2019-04-05T04:44:25.792] [INFO] info - Start SendToAll Service
[2019-04-05T04:44:25.895] [INFO] info - Request body of sendForTopic Service { notification:
   { title:
      'WPO(sendtoall Testing for IOS with url) - WPO Notify TestV0.0.2',
     body: 'WPO(sendtoall)  - WPO Notify Test bodyV0.0.2',
     silent: true,
     url:
      'https://connect.mearsgroup.co.uk/connect/portal.nsf/menuItem.xsp#!ID087A62CF11CBD51080258211004D7F4D' },
  packageName: 'uk.co.mearsgroup.connect.dev' }
[2019-04-05T04:44:25.899] [INFO] info - payload:Request parameter of sendToAll service in FCM { data:
   { title:
      'WPO(sendtoall Testing for IOS with url) - WPO Notify TestV0.0.2',
     body: 'WPO(sendtoall)  - WPO Notify Test bodyV0.0.2',
     silent: 'true',
     url:
      'https://connect.mearsgroup.co.uk/connect/portal.nsf/menuItem.xsp#!ID087A62CF11CBD51080258211004D7F4D' } }
[2019-04-05T04:44:25.900] [INFO] info - topic:Request parameter of sendToAll service in FCM testDemo
[2019-04-05T04:44:25.906] [INFO] info - Search result of get Service for SendToAll Service { _id: 5ca720c9209f4b709cc125de,
  deviceId: '33a2ad3bec550d86',
  packageName: 'uk.co.mearsgroup.connect.dev',
  platform: 'Android',
  __v: 0,
  createdAt: 2019-04-05T09:32:57.404Z,
  group: 'fulcrum',
  registrationToken:
   'd8bneJCKDTw:APA91bEbe1c0Tegf78QhLtMOt5VMvSh-MLV3I_aL4Y9AYSuJwK8C4XEMLOO3I6lMmlFwLmHKbfRRiDl6gJBvPi3c6bIf0OtGEA7ul6XqjVZUtT_feuHgPhmzSsrsecm3lDlxZSQLAQIw',
  username: 'test1.connect' }
[2019-04-05T04:44:28.095] [INFO] info - Successfully sent message: { messageId: 7329758665854139000 }
[2019-04-05T04:44:55.184] [INFO] info - Start SendToAll Service
[2019-04-05T04:44:55.348] [INFO] info - Request body of sendForTopic Service { notification:
   { title:
      'WPO(sendtoall Testing for IOS with url) - WPO Notify TestV0.0.2',
     body: 'WPO(sendtoall)  - WPO Notify Test bodyV0.0.2',
     silent: true,
     url:
      'https://connect.mearsgroup.co.uk/connect/portal.nsf/menuItem.xsp#!ID087A62CF11CBD51080258211004D7F4D' },
  packageName: 'uk.co.mearsgroup.connect.dev' }
[2019-04-05T04:44:55.352] [INFO] info - payload:Request parameter of sendToAll service in FCM { data:
   { title:
      'WPO(sendtoall Testing for IOS with url) - WPO Notify TestV0.0.2',
     body: 'WPO(sendtoall)  - WPO Notify Test bodyV0.0.2',
     silent: 'true',
     url:
      'https://connect.mearsgroup.co.uk/connect/portal.nsf/menuItem.xsp#!ID087A62CF11CBD51080258211004D7F4D' } }
[2019-04-05T04:44:55.353] [INFO] info - topic:Request parameter of sendToAll service in FCM testDemo
[2019-04-05T04:44:55.389] [INFO] info - Search result of get Service for SendToAll Service { _id: 5ca720c9209f4b709cc125de,
  deviceId: '33a2ad3bec550d86',
  packageName: 'uk.co.mearsgroup.connect.dev',
  platform: 'Android',
  __v: 0,
  createdAt: 2019-04-05T09:32:57.404Z,
  group: 'fulcrum',
  registrationToken:
   'd8bneJCKDTw:APA91bEbe1c0Tegf78QhLtMOt5VMvSh-MLV3I_aL4Y9AYSuJwK8C4XEMLOO3I6lMmlFwLmHKbfRRiDl6gJBvPi3c6bIf0OtGEA7ul6XqjVZUtT_feuHgPhmzSsrsecm3lDlxZSQLAQIw',
  username: 'test1.connect' }
[2019-04-05T04:44:56.405] [INFO] info - Successfully sent message: { messageId: 6471201090389412000 }
[2019-04-05T04:45:56.291] [INFO] info - Start Get Device Service
[2019-04-05T04:47:14.313] [INFO] info - Start Get Device Service
[2019-04-05T04:47:49.331] [INFO] info - Start SendToAll Service
[2019-04-05T04:47:49.622] [INFO] info - Request body of sendForTopic Service { notification:
   { title:
      'WPO(sendtoall Testing for IOS with url) - WPO Notify TestV0.0.2',
     body: 'WPO(sendtoall)  - WPO Notify Test bodyV0.0.2',
     silent: true,
     url:
      'https://connect.mearsgroup.co.uk/connect/portal.nsf/menuItem.xsp#!ID087A62CF11CBD51080258211004D7F4D' },
  packageName: 'uk.co.mearsgroup.connect.dev' }
[2019-04-05T04:47:49.635] [INFO] info - payload:Request parameter of sendToAll service in FCM { data:
   { title:
      'WPO(sendtoall Testing for IOS with url) - WPO Notify TestV0.0.2',
     body: 'WPO(sendtoall)  - WPO Notify Test bodyV0.0.2',
     silent: 'true',
     url:
      'https://connect.mearsgroup.co.uk/connect/portal.nsf/menuItem.xsp#!ID087A62CF11CBD51080258211004D7F4D' } }
[2019-04-05T04:47:49.637] [INFO] info - topic:Request parameter of sendToAll service in FCM testDemo
[2019-04-05T04:47:49.698] [INFO] info - Search result of get Service for SendToAll Service { _id: 5ca720c9209f4b709cc125de,
  deviceId: '33a2ad3bec550d86',
  packageName: 'uk.co.mearsgroup.connect.dev',
  platform: 'Android',
  __v: 0,
  createdAt: 2019-04-05T09:32:57.404Z,
  group: 'fulcrum',
  registrationToken:
   'd8bneJCKDTw:APA91bEbe1c0Tegf78QhLtMOt5VMvSh-MLV3I_aL4Y9AYSuJwK8C4XEMLOO3I6lMmlFwLmHKbfRRiDl6gJBvPi3c6bIf0OtGEA7ul6XqjVZUtT_feuHgPhmzSsrsecm3lDlxZSQLAQIw',
  username: 'test1.connect' }
[2019-04-05T04:47:50.850] [INFO] info - Successfully sent message: { messageId: 7489140666907693000 }
[2019-04-05T04:48:31.306] [INFO] info - Start SendToAll Service
[2019-04-05T04:48:31.444] [INFO] info - Request body of sendForTopic Service { notification:
   { title:
      'WPO(sendtoall Testing for IOS with url) - WPO Notify TestV0.0.2',
     body: 'WPO(sendtoall)  - WPO Notify Test bodyV0.0.2',
     url:
      'https://connect.mearsgroup.co.uk/connect/portal.nsf/menuItem.xsp#!ID087A62CF11CBD51080258211004D7F4D' },
  packageName: 'uk.co.mearsgroup.connect.dev' }
[2019-04-05T04:48:31.447] [INFO] info - payload:Request parameter of sendToAll service in FCM { notification:
   { title:
      'WPO(sendtoall Testing for IOS with url) - WPO Notify TestV0.0.2',
     body: 'WPO(sendtoall)  - WPO Notify Test bodyV0.0.2',
     url:
      'https://connect.mearsgroup.co.uk/connect/portal.nsf/menuItem.xsp#!ID087A62CF11CBD51080258211004D7F4D' },
  data:
   { title:
      'WPO(sendtoall Testing for IOS with url) - WPO Notify TestV0.0.2',
     body: 'WPO(sendtoall)  - WPO Notify Test bodyV0.0.2',
     url:
      'https://connect.mearsgroup.co.uk/connect/portal.nsf/menuItem.xsp#!ID087A62CF11CBD51080258211004D7F4D' } }
[2019-04-05T04:48:31.449] [INFO] info - topic:Request parameter of sendToAll service in FCM testDemo
[2019-04-05T04:48:31.456] [INFO] info - Search result of get Service for SendToAll Service { _id: 5ca720c9209f4b709cc125de,
  deviceId: '33a2ad3bec550d86',
  packageName: 'uk.co.mearsgroup.connect.dev',
  platform: 'Android',
  __v: 0,
  createdAt: 2019-04-05T09:32:57.404Z,
  group: 'fulcrum',
  registrationToken:
   'd8bneJCKDTw:APA91bEbe1c0Tegf78QhLtMOt5VMvSh-MLV3I_aL4Y9AYSuJwK8C4XEMLOO3I6lMmlFwLmHKbfRRiDl6gJBvPi3c6bIf0OtGEA7ul6XqjVZUtT_feuHgPhmzSsrsecm3lDlxZSQLAQIw',
  username: 'test1.connect' }
[2019-04-05T04:48:32.221] [INFO] info - Successfully sent message: { messageId: 5503774623026595000 }
[2019-04-05T04:51:58.733] [INFO] info - Request body of deleteAll Service {}
[2019-04-05T04:51:58.741] [INFO] info - All device sucessfully deleted!
[2019-04-05T04:52:53.718] [INFO] info - Start Create and Update Registration Service
[2019-04-05T04:52:53.723] [INFO] info - Request body of Registration Service  { deviceId: 'cf2f21d29539cf7a',
  packageName: 'uk.co.mearsgroup.connect.dev',
  platform: 'Android',
  createdAt: '2019-04-05T11:51:58.119Z',
  group: 'fulcrum',
  registrationToken:
   'c4NFUXyd6d8:APA91bGE0oKAE_0mB4EqOqVLYZyQECv2g9ubDtgc5nqR5uOQm0_HLOngDwPtXJUx-sQ11naHdKfTda2bW1yufSyaiT8bSPdTI40TraLEJgj_OaJilwnnESL485okphn2ZLzTJJaoH9La',
  username: 'test1.connect' }
[2019-04-05T04:52:53.735] [INFO] info - New device successfully register for FCM
[2019-04-05T04:53:29.956] [INFO] info - Start Create and Update Registration Service
[2019-04-05T04:53:29.958] [INFO] info - Request body of Registration Service  { deviceId: '33a2ad3bec550d86',
  packageName: 'uk.co.mearsgroup.connect.dev',
  platform: 'Android',
  createdAt: '2019-04-05T11:51:21.929Z',
  group: 'fulcrum',
  registrationToken:
   'd8bneJCKDTw:APA91bEbe1c0Tegf78QhLtMOt5VMvSh-MLV3I_aL4Y9AYSuJwK8C4XEMLOO3I6lMmlFwLmHKbfRRiDl6gJBvPi3c6bIf0OtGEA7ul6XqjVZUtT_feuHgPhmzSsrsecm3lDlxZSQLAQIw',
  username: 'test1.connect' }
[2019-04-05T04:53:29.978] [INFO] info - New device successfully register for FCM
[2019-04-05T04:53:35.980] [INFO] info - Start SendNotification Service
[2019-04-05T04:53:35.981] [INFO] info - Request body of sendNotification Service [ { username: 'test1.connect',
    notification:
     { title: 'Test for mears connect from local',
       body: 'Test for defect with ios7890 url',
       url:
        'https://connect.mearsgroup.co.uk/connect/portal.nsf/menuItem.xsp#!ID087A62CF11CBD51080258211004D7F4D',
       silent: true },
    packageName: 'uk.co.mearsgroup.connect.dev' } ]
[2019-04-05T04:53:36.114] [INFO] info - registrationTokens:Request parameter of send messaging service in FCM [ 'c4NFUXyd6d8:APA91bGE0oKAE_0mB4EqOqVLYZyQECv2g9ubDtgc5nqR5uOQm0_HLOngDwPtXJUx-sQ11naHdKfTda2bW1yufSyaiT8bSPdTI40TraLEJgj_OaJilwnnESL485okphn2ZLzTJJaoH9La',
  'd8bneJCKDTw:APA91bEbe1c0Tegf78QhLtMOt5VMvSh-MLV3I_aL4Y9AYSuJwK8C4XEMLOO3I6lMmlFwLmHKbfRRiDl6gJBvPi3c6bIf0OtGEA7ul6XqjVZUtT_feuHgPhmzSsrsecm3lDlxZSQLAQIw' ]
[2019-04-05T04:53:36.116] [INFO] info - payload:Request parameter of send messaging service in FCM { data:
   { title: 'Test for mears connect from local',
     body: 'Test for defect with ios7890 url',
     url:
      'https://connect.mearsgroup.co.uk/connect/portal.nsf/menuItem.xsp#!ID087A62CF11CBD51080258211004D7F4D',
     silent: 'true' } }
[2019-04-05T04:53:36.256] [INFO] info - resultList [ { status: 'success',
    registrationToken:
     'c4NFUXyd6d8:APA91bGE0oKAE_0mB4EqOqVLYZyQECv2g9ubDtgc5nqR5uOQm0_HLOngDwPtXJUx-sQ11naHdKfTda2bW1yufSyaiT8bSPdTI40TraLEJgj_OaJilwnnESL485okphn2ZLzTJJaoH9La' },
  { status: 'success',
    registrationToken:
     'd8bneJCKDTw:APA91bEbe1c0Tegf78QhLtMOt5VMvSh-MLV3I_aL4Y9AYSuJwK8C4XEMLOO3I6lMmlFwLmHKbfRRiDl6gJBvPi3c6bIf0OtGEA7ul6XqjVZUtT_feuHgPhmzSsrsecm3lDlxZSQLAQIw' } ]
[2019-04-05T04:53:45.764] [INFO] info - Start SendToAll Service
[2019-04-05T04:53:45.880] [INFO] info - Request body of sendForTopic Service { notification:
   { title:
      'WPO(sendtoall Testing for IOS with url) - WPO Notify TestV0.0.2',
     body: 'WPO(sendtoall)  - WPO Notify Test bodyV0.0.2',
     url:
      'https://connect.mearsgroup.co.uk/connect/portal.nsf/menuItem.xsp#!ID087A62CF11CBD51080258211004D7F4D' },
  packageName: 'uk.co.mearsgroup.connect.dev' }
[2019-04-05T04:53:45.882] [INFO] info - payload:Request parameter of sendToAll service in FCM { notification:
   { title:
      'WPO(sendtoall Testing for IOS with url) - WPO Notify TestV0.0.2',
     body: 'WPO(sendtoall)  - WPO Notify Test bodyV0.0.2',
     url:
      'https://connect.mearsgroup.co.uk/connect/portal.nsf/menuItem.xsp#!ID087A62CF11CBD51080258211004D7F4D' },
  data:
   { title:
      'WPO(sendtoall Testing for IOS with url) - WPO Notify TestV0.0.2',
     body: 'WPO(sendtoall)  - WPO Notify Test bodyV0.0.2',
     url:
      'https://connect.mearsgroup.co.uk/connect/portal.nsf/menuItem.xsp#!ID087A62CF11CBD51080258211004D7F4D' } }
[2019-04-05T04:53:45.883] [INFO] info - topic:Request parameter of sendToAll service in FCM testDemo
[2019-04-05T04:53:45.889] [INFO] info - Search result of get Service for SendToAll Service { _id: 5ca74195209f4b709cc127c5,
  deviceId: 'cf2f21d29539cf7a',
  packageName: 'uk.co.mearsgroup.connect.dev',
  platform: 'Android',
  __v: 0,
  createdAt: 2019-04-05T11:52:53.725Z,
  group: 'fulcrum',
  registrationToken:
   'c4NFUXyd6d8:APA91bGE0oKAE_0mB4EqOqVLYZyQECv2g9ubDtgc5nqR5uOQm0_HLOngDwPtXJUx-sQ11naHdKfTda2bW1yufSyaiT8bSPdTI40TraLEJgj_OaJilwnnESL485okphn2ZLzTJJaoH9La',
  username: 'test1.connect' }
[2019-04-05T04:53:46.798] [INFO] info - Successfully sent message: { messageId: 6554505062430535000 }
[2019-04-05T04:54:42.197] [INFO] info - Start SendToAll Service
[2019-04-05T04:54:42.362] [INFO] info - Request body of sendForTopic Service { notification:
   { title:
      'WPO(sendtoall Testing for IOS with url) - WPO Notify TestV0.0.2',
     body: 'WPO(sendtoall)  - WPO Notify Test bodyV0.0.2',
     url:
      'https://connect.mearsgroup.co.uk/connect/portal.nsf/menuItem.xsp#!ID087A62CF11CBD51080258211004D7F4D' },
  packageName: 'uk.co.mearsgroup.connect.dev' }
[2019-04-05T04:54:42.367] [INFO] info - payload:Request parameter of sendToAll service in FCM { notification:
   { title:
      'WPO(sendtoall Testing for IOS with url) - WPO Notify TestV0.0.2',
     body: 'WPO(sendtoall)  - WPO Notify Test bodyV0.0.2',
     url:
      'https://connect.mearsgroup.co.uk/connect/portal.nsf/menuItem.xsp#!ID087A62CF11CBD51080258211004D7F4D' },
  data:
   { title:
      'WPO(sendtoall Testing for IOS with url) - WPO Notify TestV0.0.2',
     body: 'WPO(sendtoall)  - WPO Notify Test bodyV0.0.2',
     url:
      'https://connect.mearsgroup.co.uk/connect/portal.nsf/menuItem.xsp#!ID087A62CF11CBD51080258211004D7F4D' } }
[2019-04-05T04:54:42.368] [ERROR] info - SendToAll Service: Internel server error.
[2019-04-05T04:54:42.391] [INFO] info - Search result of get Service for SendToAll Service { _id: 5ca74195209f4b709cc127c5,
  deviceId: 'cf2f21d29539cf7a',
  packageName: 'uk.co.mearsgroup.connect.dev',
  platform: 'Android',
  __v: 0,
  createdAt: 2019-04-05T11:52:53.725Z,
  group: 'fulcrum',
  registrationToken:
   'c4NFUXyd6d8:APA91bGE0oKAE_0mB4EqOqVLYZyQECv2g9ubDtgc5nqR5uOQm0_HLOngDwPtXJUx-sQ11naHdKfTda2bW1yufSyaiT8bSPdTI40TraLEJgj_OaJilwnnESL485okphn2ZLzTJJaoH9La',
  username: 'test1.connect' }
[2019-04-05T04:56:58.298] [INFO] info - Start SendToAll Service
[2019-04-05T04:56:58.427] [INFO] info - Request body of sendForTopic Service { notification:
   { title:
      'WPO(sendtoall Testing for IOS with url) - WPO Notify TestV0.0.2',
     body: 'WPO(sendtoall)  - WPO Notify Test bodyV0.0.2',
     url:
      'https://connect.mearsgroup.co.uk/connect/portal.nsf/menuItem.xsp#!ID087A62CF11CBD51080258211004D7F4D' },
  packageName: 'uk.co.mearsgroup.connect.dev' }
[2019-04-05T04:56:58.432] [INFO] info - payload:Request parameter of sendToAll service in FCM { notification:
   { title:
      'WPO(sendtoall Testing for IOS with url) - WPO Notify TestV0.0.2',
     body: 'WPO(sendtoall)  - WPO Notify Test bodyV0.0.2',
     url:
      'https://connect.mearsgroup.co.uk/connect/portal.nsf/menuItem.xsp#!ID087A62CF11CBD51080258211004D7F4D' },
  data:
   { title:
      'WPO(sendtoall Testing for IOS with url) - WPO Notify TestV0.0.2',
     body: 'WPO(sendtoall)  - WPO Notify Test bodyV0.0.2',
     url:
      'https://connect.mearsgroup.co.uk/connect/portal.nsf/menuItem.xsp#!ID087A62CF11CBD51080258211004D7F4D' } }
[2019-04-05T04:56:58.433] [ERROR] info - SendToAll Service: Internel server error.
[2019-04-05T04:56:58.441] [INFO] info - Search result of get Service for SendToAll Service { _id: 5ca74195209f4b709cc127c5,
  deviceId: 'cf2f21d29539cf7a',
  packageName: 'uk.co.mearsgroup.connect.dev',
  platform: 'Android',
  __v: 0,
  createdAt: 2019-04-05T11:52:53.725Z,
  group: 'fulcrum',
  registrationToken:
   'c4NFUXyd6d8:APA91bGE0oKAE_0mB4EqOqVLYZyQECv2g9ubDtgc5nqR5uOQm0_HLOngDwPtXJUx-sQ11naHdKfTda2bW1yufSyaiT8bSPdTI40TraLEJgj_OaJilwnnESL485okphn2ZLzTJJaoH9La',
  username: 'test1.connect' }
[2019-04-05T04:57:07.633] [INFO] info - Start SendToAll Service
[2019-04-05T04:57:07.776] [INFO] info - Request body of sendForTopic Service { notification:
   { title:
      'WPO(sendtoall Testing for IOS with url) - WPO Notify TestV0.0.2',
     body: 'WPO(sendtoall)  - WPO Notify Test bodyV0.0.2',
     url:
      'https://connect.mearsgroup.co.uk/connect/portal.nsf/menuItem.xsp#!ID087A62CF11CBD51080258211004D7F4D' },
  packageName: 'uk.co.mearsgroup.connect.dev' }
[2019-04-05T04:57:07.781] [INFO] info - payload:Request parameter of sendToAll service in FCM { notification:
   { title:
      'WPO(sendtoall Testing for IOS with url) - WPO Notify TestV0.0.2',
     body: 'WPO(sendtoall)  - WPO Notify Test bodyV0.0.2',
     url:
      'https://connect.mearsgroup.co.uk/connect/portal.nsf/menuItem.xsp#!ID087A62CF11CBD51080258211004D7F4D' },
  data:
   { title:
      'WPO(sendtoall Testing for IOS with url) - WPO Notify TestV0.0.2',
     body: 'WPO(sendtoall)  - WPO Notify Test bodyV0.0.2',
     url:
      'https://connect.mearsgroup.co.uk/connect/portal.nsf/menuItem.xsp#!ID087A62CF11CBD51080258211004D7F4D' } }
[2019-04-05T04:57:07.782] [INFO] info - topic:Request parameter of sendToAll service in FCM testDemo
[2019-04-05T04:57:07.814] [INFO] info - Search result of get Service for SendToAll Service { _id: 5ca74195209f4b709cc127c5,
  deviceId: 'cf2f21d29539cf7a',
  packageName: 'uk.co.mearsgroup.connect.dev',
  platform: 'Android',
  __v: 0,
  createdAt: 2019-04-05T11:52:53.725Z,
  group: 'fulcrum',
  registrationToken:
   'c4NFUXyd6d8:APA91bGE0oKAE_0mB4EqOqVLYZyQECv2g9ubDtgc5nqR5uOQm0_HLOngDwPtXJUx-sQ11naHdKfTda2bW1yufSyaiT8bSPdTI40TraLEJgj_OaJilwnnESL485okphn2ZLzTJJaoH9La',
  username: 'test1.connect' }
[2019-04-05T04:57:08.945] [INFO] info - Successfully sent message: { messageId: 8481999875109674000 }
[2019-04-05T04:58:07.571] [INFO] info - Start SendToAll Service
[2019-04-05T04:58:07.687] [INFO] info - Request body of sendForTopic Service { notification:
   { title:
      'WPO(sendtoall Testing for IOS with url) - WPO Notify TestV0.0.2',
     body: 'WPO(sendtoall)  - WPO Notify Test bodyV0.0.2',
     silent: true,
     url:
      'https://connect.mearsgroup.co.uk/connect/portal.nsf/menuItem.xsp#!ID087A62CF11CBD51080258211004D7F4D' },
  packageName: 'uk.co.mearsgroup.connect.dev' }
[2019-04-05T04:58:07.689] [INFO] info - payload:Request parameter of sendToAll service in FCM { data:
   { title:
      'WPO(sendtoall Testing for IOS with url) - WPO Notify TestV0.0.2',
     body: 'WPO(sendtoall)  - WPO Notify Test bodyV0.0.2',
     silent: 'true',
     url:
      'https://connect.mearsgroup.co.uk/connect/portal.nsf/menuItem.xsp#!ID087A62CF11CBD51080258211004D7F4D' } }
[2019-04-05T04:58:07.690] [INFO] info - topic:Request parameter of sendToAll service in FCM testDemo
[2019-04-05T04:58:07.696] [INFO] info - Search result of get Service for SendToAll Service { _id: 5ca74195209f4b709cc127c5,
  deviceId: 'cf2f21d29539cf7a',
  packageName: 'uk.co.mearsgroup.connect.dev',
  platform: 'Android',
  __v: 0,
  createdAt: 2019-04-05T11:52:53.725Z,
  group: 'fulcrum',
  registrationToken:
   'c4NFUXyd6d8:APA91bGE0oKAE_0mB4EqOqVLYZyQECv2g9ubDtgc5nqR5uOQm0_HLOngDwPtXJUx-sQ11naHdKfTda2bW1yufSyaiT8bSPdTI40TraLEJgj_OaJilwnnESL485okphn2ZLzTJJaoH9La',
  username: 'test1.connect' }
[2019-04-05T04:58:08.413] [INFO] info - Successfully sent message: { messageId: 4828611155455317000 }
[2019-04-05T04:59:32.296] [INFO] info - Start Get Device Service
[2019-04-05T05:00:00.353] [INFO] info - Start SubscribeToTopic for FCM and Registration for APN Service
[2019-04-05T05:00:00.355] [INFO] info - Request body of subscribeToTopic Service { deviceId: '33a2ad3bec550d86',
  packageName: 'uk.co.mearsgroup.connect.dev',
  platform: 'Android',
  createdAt: '2019-04-05T11:53:29.959Z',
  group: 'fulcrum',
  registrationToken:
   'd8bneJCKDTw:APA91bEbe1c0Tegf78QhLtMOt5VMvSh-MLV3I_aL4Y9AYSuJwK8C4XEMLOO3I6lMmlFwLmHKbfRRiDl6gJBvPi3c6bIf0OtGEA7ul6XqjVZUtT_feuHgPhmzSsrsecm3lDlxZSQLAQIw',
  username: 'test1.connect' }
[2019-04-05T05:00:43.958] [INFO] info - Start SubscribeToTopic for FCM and Registration for APN Service
[2019-04-05T05:00:43.964] [INFO] info - Request body of subscribeToTopic Service { deviceId: '33a2ad3bec550d86',
  packageName: 'uk.co.mearsgroup.connect.dev',
  platform: 'Android',
  createdAt: '2019-04-05T11:53:29.959Z',
  group: 'fulcrum',
  registrationToken:
   'd8bneJCKDTw:APA91bEbe1c0Tegf78QhLtMOt5VMvSh-MLV3I_aL4Y9AYSuJwK8C4XEMLOO3I6lMmlFwLmHKbfRRiDl6gJBvPi3c6bIf0OtGEA7ul6XqjVZUtT_feuHgPhmzSsrsecm3lDlxZSQLAQIw',
  username: 'test1.connect' }
[2019-04-05T05:00:44.006] [INFO] info - registrationToken:Input parameter of subscribeToTopic service in FCM d8bneJCKDTw:APA91bEbe1c0Tegf78QhLtMOt5VMvSh-MLV3I_aL4Y9AYSuJwK8C4XEMLOO3I6lMmlFwLmHKbfRRiDl6gJBvPi3c6bIf0OtGEA7ul6XqjVZUtT_feuHgPhmzSsrsecm3lDlxZSQLAQIw
[2019-04-05T05:00:44.008] [INFO] info - topic:Input parameter of subscribeToTopic service in FCM testDemo
[2019-04-05T05:00:48.817] [INFO] info - Successfully subscribed to topic: { successCount: 1, failureCount: 0, errors: [] }
[2019-04-05T05:00:53.470] [INFO] info - Start SendToAll Service
[2019-04-05T05:00:53.742] [INFO] info - Request body of sendForTopic Service { notification:
   { title:
      'WPO(sendtoall Testing for IOS with url) - WPO Notify TestV0.0.2',
     body: 'WPO(sendtoall)  - WPO Notify Test bodyV0.0.2',
     silent: true,
     url:
      'https://connect.mearsgroup.co.uk/connect/portal.nsf/menuItem.xsp#!ID087A62CF11CBD51080258211004D7F4D' },
  packageName: 'uk.co.mearsgroup.connect.dev' }
[2019-04-05T05:00:53.749] [INFO] info - payload:Request parameter of sendToAll service in FCM { data:
   { title:
      'WPO(sendtoall Testing for IOS with url) - WPO Notify TestV0.0.2',
     body: 'WPO(sendtoall)  - WPO Notify Test bodyV0.0.2',
     silent: 'true',
     url:
      'https://connect.mearsgroup.co.uk/connect/portal.nsf/menuItem.xsp#!ID087A62CF11CBD51080258211004D7F4D' } }
[2019-04-05T05:00:53.750] [INFO] info - topic:Request parameter of sendToAll service in FCM testDemo
[2019-04-05T05:00:53.762] [INFO] info - Search result of get Service for SendToAll Service { _id: 5ca74195209f4b709cc127c5,
  deviceId: 'cf2f21d29539cf7a',
  packageName: 'uk.co.mearsgroup.connect.dev',
  platform: 'Android',
  __v: 0,
  createdAt: 2019-04-05T11:52:53.725Z,
  group: 'fulcrum',
  registrationToken:
   'c4NFUXyd6d8:APA91bGE0oKAE_0mB4EqOqVLYZyQECv2g9ubDtgc5nqR5uOQm0_HLOngDwPtXJUx-sQ11naHdKfTda2bW1yufSyaiT8bSPdTI40TraLEJgj_OaJilwnnESL485okphn2ZLzTJJaoH9La',
  username: 'test1.connect' }
[2019-04-05T05:00:54.839] [INFO] info - Successfully sent message: { messageId: 7312776806270184000 }
[2019-04-05T05:08:08.838] [INFO] info - Request body of deleteAll Service {}
[2019-04-05T05:08:08.851] [INFO] info - All device sucessfully deleted!
[2019-04-05T05:08:33.270] [INFO] info - Start Create and Update Registration Service
[2019-04-05T05:08:33.271] [INFO] info - Request body of Registration Service  { deviceId: 'cf2f21d29539cf7a',
  packageName: 'uk.co.mearsgroup.connect.dev',
  platform: 'Android',
  createdAt: '2019-04-05T12:06:12.281Z',
  group: 'fulcrum',
  registrationToken:
   'c4NFUXyd6d8:APA91bGE0oKAE_0mB4EqOqVLYZyQECv2g9ubDtgc5nqR5uOQm0_HLOngDwPtXJUx-sQ11naHdKfTda2bW1yufSyaiT8bSPdTI40TraLEJgj_OaJilwnnESL485okphn2ZLzTJJaoH9La',
  username: 'test1.connect' }
[2019-04-05T05:08:33.288] [INFO] info - New device successfully register for FCM
[2019-04-05T05:09:03.430] [INFO] info - Start SubscribeToTopic for FCM and Registration for APN Service
[2019-04-05T05:09:03.432] [INFO] info - Request body of subscribeToTopic Service { deviceId: 'cf2f21d29539cf7a',
  packageName: 'uk.co.mearsgroup.connect.dev',
  platform: 'Android',
  createdAt: '2019-04-05T12:06:12.281Z',
  group: 'fulcrum',
  registrationToken:
   'c4NFUXyd6d8:APA91bGE0oKAE_0mB4EqOqVLYZyQECv2g9ubDtgc5nqR5uOQm0_HLOngDwPtXJUx-sQ11naHdKfTda2bW1yufSyaiT8bSPdTI40TraLEJgj_OaJilwnnESL485okphn2ZLzTJJaoH9La',
  username: 'test1.connect' }
[2019-04-05T05:09:03.453] [INFO] info - registrationToken:Input parameter of subscribeToTopic service in FCM c4NFUXyd6d8:APA91bGE0oKAE_0mB4EqOqVLYZyQECv2g9ubDtgc5nqR5uOQm0_HLOngDwPtXJUx-sQ11naHdKfTda2bW1yufSyaiT8bSPdTI40TraLEJgj_OaJilwnnESL485okphn2ZLzTJJaoH9La
[2019-04-05T05:09:03.455] [INFO] info - topic:Input parameter of subscribeToTopic service in FCM testDemo
[2019-04-05T05:09:07.290] [INFO] info - Successfully subscribed to topic: { successCount: 1, failureCount: 0, errors: [] }
[2019-04-05T05:09:14.034] [INFO] info - Start SendToAll Service
[2019-04-05T05:09:14.201] [INFO] info - Request body of sendForTopic Service { notification:
   { title:
      'WPO(sendtoall Testing for IOS with url) - WPO Notify TestV0.0.2',
     body: 'WPO(sendtoall)  - WPO Notify Test bodyV0.0.2',
     silent: true,
     url:
      'https://connect.mearsgroup.co.uk/connect/portal.nsf/menuItem.xsp#!ID087A62CF11CBD51080258211004D7F4D' },
  packageName: 'uk.co.mearsgroup.connect.dev' }
[2019-04-05T05:09:14.204] [INFO] info - payload:Request parameter of sendToAll service in FCM { data:
   { title:
      'WPO(sendtoall Testing for IOS with url) - WPO Notify TestV0.0.2',
     body: 'WPO(sendtoall)  - WPO Notify Test bodyV0.0.2',
     silent: 'true',
     url:
      'https://connect.mearsgroup.co.uk/connect/portal.nsf/menuItem.xsp#!ID087A62CF11CBD51080258211004D7F4D' } }
[2019-04-05T05:09:14.205] [INFO] info - topic:Request parameter of sendToAll service in FCM testDemo
[2019-04-05T05:09:14.216] [INFO] info - Search result of get Service for SendToAll Service { _id: 5ca74541209f4b709cc12840,
  deviceId: 'cf2f21d29539cf7a',
  packageName: 'uk.co.mearsgroup.connect.dev',
  platform: 'Android',
  __v: 0,
  createdAt: 2019-04-05T12:08:33.273Z,
  group: 'fulcrum',
  registrationToken:
   'c4NFUXyd6d8:APA91bGE0oKAE_0mB4EqOqVLYZyQECv2g9ubDtgc5nqR5uOQm0_HLOngDwPtXJUx-sQ11naHdKfTda2bW1yufSyaiT8bSPdTI40TraLEJgj_OaJilwnnESL485okphn2ZLzTJJaoH9La',
  username: 'test1.connect' }
[2019-04-05T05:09:15.375] [INFO] info - Successfully sent message: { messageId: 5345968147575249000 }
[2019-04-06T23:49:47.634] [INFO] info - Start Get Device Service
